[Message: Preloader] BepInEx 6.0.0.0 - Among Us
[Info   : Preloader] Running under Unity v2019.4.9.5308042
[Debug  : Preloader] Game executable path: D:\Program Files\Steam\steamapps\common\Among Us Sheriff\Among Us.exe
[Debug  : Preloader] Unhollowed assembly directory: D:\Program Files\Steam\steamapps\common\Among Us Sheriff\BepInEx\unhollowed
[Debug  : Preloader] BepInEx root path: D:\Program Files\Steam\steamapps\common\Among Us Sheriff\BepInEx
[Message:   BepInEx] Chainloader initialized
[Debug  : Preloader] Runtime invoke pointer: 0x6BC6B70
[Debug  : Preloader] Runtime invoke patched
[Info   :   BepInEx] 1 plugins to load
[Info   :   BepInEx] Loading [Sheriff Mod 1.0.1.0] - D:\Program Files\Steam\steamapps\common\Among Us Sheriff\BepInEx\plugins\SherifMod.dll
[Message:Sheriff Mod] Sheriff Mod loaded
[Message:   BepInEx] Chainloader startup complete
[Debug  : Preloader] Runtime invoke unpatched
[Error  :    Detour] System.NullReferenceException: Object reference not set to an instance of an object
  at SheriffMod.HudPatch.Postfix (PIEFJFEOGOL __instance) [0x00034] in <caefeba342a44f608256d384b708505e>:0 
  at (wrapper dynamic-method) PIEFJFEOGOL.DMD<PIEFJFEOGOL::Update>(PIEFJFEOGOL)
  at (wrapper dynamic-method) MonoMod.Utils.DynamicMethodDefinition.DMD<DMD<(il2cpp -> managed) Update>?877401834::(il2cpp -> managed) Update>(intptr,UnhollowerBaseLib.Runtime.Il2CppMethodInfo*)
[Error  :    Detour] System.NullReferenceException: Object reference not set to an instance of an object
  at SheriffMod.HudPatch.Postfix (PIEFJFEOGOL __instance) [0x00034] in <caefeba342a44f608256d384b708505e>:0 
  at (wrapper dynamic-method) PIEFJFEOGOL.DMD<PIEFJFEOGOL::Update>(PIEFJFEOGOL)
  at (wrapper dynamic-method) MonoMod.Utils.DynamicMethodDefinition.DMD<DMD<(il2cpp -> managed) Update>?877401834::(il2cpp -> managed) Update>(intptr,UnhollowerBaseLib.Runtime.Il2CppMethodInfo*)
[Error  :    Detour] System.NullReferenceException: Object reference not set to an instance of an object
  at SheriffMod.HudPatch.Postfix (PIEFJFEOGOL __instance) [0x00034] in <caefeba342a44f608256d384b708505e>:0 
  at (wrapper dynamic-method) PIEFJFEOGOL.DMD<PIEFJFEOGOL::Update>(PIEFJFEOGOL)
  at (wrapper dynamic-method) MonoMod.Utils.DynamicMethodDefinition.DMD<DMD<(il2cpp -> managed) Update>?877401834::(il2cpp -> managed) Update>(intptr,UnhollowerBaseLib.Runtime.Il2CppMethodInfo*)
[Error  :    Detour] System.NullReferenceException: Object reference not set to an instance of an object
  at SheriffMod.HudPatch.Postfix (PIEFJFEOGOL __instance) [0x00034] in <caefeba342a44f608256d384b708505e>:0 
  at (wrapper dynamic-method) PIEFJFEOGOL.DMD<PIEFJFEOGOL::Update>(PIEFJFEOGOL)
  at (wrapper dynamic-method) MonoMod.Utils.DynamicMethodDefinition.DMD<DMD<(il2cpp -> managed) Update>?877401834::(il2cpp -> managed) Update>(intptr,UnhollowerBaseLib.Runtime.Il2CppMethodInfo*)
[Error  :    Detour] System.NullReferenceException: Object reference not set to an instance of an object
  at SheriffMod.HudPatch.Postfix (PIEFJFEOGOL __instance) [0x00034] in <caefeba342a44f608256d384b708505e>:0 
  at (wrapper dynamic-method) PIEFJFEOGOL.DMD<PIEFJFEOGOL::Update>(PIEFJFEOGOL)
  at (wrapper dynamic-method) MonoMod.Utils.DynamicMethodDefinition.DMD<DMD<(il2cpp -> managed) Update>?877401834::(il2cpp -> managed) Update>(intptr,UnhollowerBaseLib.Runtime.Il2CppMethodInfo*)
[Error  :    Detour] System.InvalidOperationException: Sequence contains no elements
  at System.Linq.Enumerable.First[TSource] (System.Collections.Generic.IEnumerable`1[T] source) [0x00010] in <6c177c2637d74263aa48e124b61159f3>:0 
  at SheriffMod.GameOptionMenuPatchUpdate.Postfix (PHCKLDDNJNP __instance) [0x0002f] in <caefeba342a44f608256d384b708505e>:0 
  at (wrapper dynamic-method) PHCKLDDNJNP.DMD<PHCKLDDNJNP::Update>(PHCKLDDNJNP)
  at (wrapper dynamic-method) MonoMod.Utils.DynamicMethodDefinition.DMD<DMD<(il2cpp -> managed) Update>?761854915::(il2cpp -> managed) Update>(intptr,UnhollowerBaseLib.Runtime.Il2CppMethodInfo*)
[Error  :    Detour] System.InvalidOperationException: Sequence contains no elements
  at System.Linq.Enumerable.First[TSource] (System.Collections.Generic.IEnumerable`1[T] source) [0x00010] in <6c177c2637d74263aa48e124b61159f3>:0 
  at SheriffMod.GameOptionMenuPatchUpdate.Postfix (PHCKLDDNJNP __instance) [0x0002f] in <caefeba342a44f608256d384b708505e>:0 
  at (wrapper dynamic-method) PHCKLDDNJNP.DMD<PHCKLDDNJNP::Update>(PHCKLDDNJNP)
  at (wrapper dynamic-method) MonoMod.Utils.DynamicMethodDefinition.DMD<DMD<(il2cpp -> managed) Update>?761854915::(il2cpp -> managed) Update>(intptr,UnhollowerBaseLib.Runtime.Il2CppMethodInfo*)
[Error  :    Detour] System.InvalidOperationException: Sequence contains no elements
  at System.Linq.Enumerable.First[TSource] (System.Collections.Generic.IEnumerable`1[T] source) [0x00010] in <6c177c2637d74263aa48e124b61159f3>:0 
  at SheriffMod.GameOptionMenuPatchUpdate.Postfix (PHCKLDDNJNP __instance) [0x0002f] in <caefeba342a44f608256d384b708505e>:0 
  at (wrapper dynamic-method) PHCKLDDNJNP.DMD<PHCKLDDNJNP::Update>(PHCKLDDNJNP)
  at (wrapper dynamic-method) MonoMod.Utils.DynamicMethodDefinition.DMD<DMD<(il2cpp -> managed) Update>?761854915::(il2cpp -> managed) Update>(intptr,UnhollowerBaseLib.Runtime.Il2CppMethodInfo*)
[Error  :    Detour] System.InvalidOperationException: Sequence contains no elements
  at System.Linq.Enumerable.First[TSource] (System.Collections.Generic.IEnumerable`1[T] source) [0x00010] in <6c177c2637d74263aa48e124b61159f3>:0 
  at SheriffMod.GameOptionMenuPatchUpdate.Postfix (PHCKLDDNJNP __instance) [0x0002f] in <caefeba342a44f608256d384b708505e>:0 
  at (wrapper dynamic-method) PHCKLDDNJNP.DMD<PHCKLDDNJNP::Update>(PHCKLDDNJNP)
  at (wrapper dynamic-method) MonoMod.Utils.DynamicMethodDefinition.DMD<DMD<(il2cpp -> managed) Update>?761854915::(il2cpp -> managed) Update>(intptr,UnhollowerBaseLib.Runtime.Il2CppMethodInfo*)
[Error  :    Detour] System.InvalidOperationException: Sequence contains no elements
  at System.Linq.Enumerable.First[TSource] (System.Collections.Generic.IEnumerable`1[T] source) [0x00010] in <6c177c2637d74263aa48e124b61159f3>:0 
  at SheriffMod.GameOptionMenuPatchUpdate.Postfix (PHCKLDDNJNP __instance) [0x0002f] in <caefeba342a44f608256d384b708505e>:0 
  at (wrapper dynamic-method) PHCKLDDNJNP.DMD<PHCKLDDNJNP::Update>(PHCKLDDNJNP)
  at (wrapper dynamic-method) MonoMod.Utils.DynamicMethodDefinition.DMD<DMD<(il2cpp -> managed) Update>?761854915::(il2cpp -> managed) Update>(intptr,UnhollowerBaseLib.Runtime.Il2CppMethodInfo*)
[Error  :    Detour] System.InvalidOperationException: Sequence contains no elements
  at System.Linq.Enumerable.First[TSource] (System.Collections.Generic.IEnumerable`1[T] source) [0x00010] in <6c177c2637d74263aa48e124b61159f3>:0 
  at SheriffMod.GameOptionMenuPatchUpdate.Postfix (PHCKLDDNJNP __instance) [0x0002f] in <caefeba342a44f608256d384b708505e>:0 
  at (wrapper dynamic-method) PHCKLDDNJNP.DMD<PHCKLDDNJNP::Update>(PHCKLDDNJNP)
  at (wrapper dynamic-method) MonoMod.Utils.DynamicMethodDefinition.DMD<DMD<(il2cpp -> managed) Update>?761854915::(il2cpp -> managed) Update>(intptr,UnhollowerBaseLib.Runtime.Il2CppMethodInfo*)
[Error  :    Detour] System.InvalidOperationException: Sequence contains no elements
  at System.Linq.Enumerable.First[TSource] (System.Collections.Generic.IEnumerable`1[T] source) [0x00010] in <6c177c2637d74263aa48e124b61159f3>:0 
  at SheriffMod.GameOptionMenuPatchUpdate.Postfix (PHCKLDDNJNP __instance) [0x0002f] in <caefeba342a44f608256d384b708505e>:0 
  at (wrapper dynamic-method) PHCKLDDNJNP.DMD<PHCKLDDNJNP::Update>(PHCKLDDNJNP)
  at (wrapper dynamic-method) MonoMod.Utils.DynamicMethodDefinition.DMD<DMD<(il2cpp -> managed) Update>?761854915::(il2cpp -> managed) Update>(intptr,UnhollowerBaseLib.Runtime.Il2CppMethodInfo*)
[Error  :    Detour] System.InvalidOperationException: Sequence contains no elements
  at System.Linq.Enumerable.First[TSource] (System.Collections.Generic.IEnumerable`1[T] source) [0x00010] in <6c177c2637d74263aa48e124b61159f3>:0 
  at SheriffMod.GameOptionMenuPatchUpdate.Postfix (PHCKLDDNJNP __instance) [0x0002f] in <caefeba342a44f608256d384b708505e>:0 
  at (wrapper dynamic-method) PHCKLDDNJNP.DMD<PHCKLDDNJNP::Update>(PHCKLDDNJNP)
  at (wrapper dynamic-method) MonoMod.Utils.DynamicMethodDefinition.DMD<DMD<(il2cpp -> managed) Update>?761854915::(il2cpp -> managed) Update>(intptr,UnhollowerBaseLib.Runtime.Il2CppMethodInfo*)
[Error  :    Detour] System.InvalidOperationException: Sequence contains no elements
  at System.Linq.Enumerable.First[TSource] (System.Collections.Generic.IEnumerable`1[T] source) [0x00010] in <6c177c2637d74263aa48e124b61159f3>:0 
  at SheriffMod.GameOptionMenuPatchUpdate.Postfix (PHCKLDDNJNP __instance) [0x0002f] in <caefeba342a44f608256d384b708505e>:0 
  at (wrapper dynamic-method) PHCKLDDNJNP.DMD<PHCKLDDNJNP::Update>(PHCKLDDNJNP)
  at (wrapper dynamic-method) MonoMod.Utils.DynamicMethodDefinition.DMD<DMD<(il2cpp -> managed) Update>?761854915::(il2cpp -> managed) Update>(intptr,UnhollowerBaseLib.Runtime.Il2CppMethodInfo*)
[Error  :    Detour] System.InvalidOperationException: Sequence contains no elements
  at System.Linq.Enumerable.First[TSource] (System.Collections.Generic.IEnumerable`1[T] source) [0x00010] in <6c177c2637d74263aa48e124b61159f3>:0 
  at SheriffMod.GameOptionMenuPatchUpdate.Postfix (PHCKLDDNJNP __instance) [0x0002f] in <caefeba342a44f608256d384b708505e>:0 
  at (wrapper dynamic-method) PHCKLDDNJNP.DMD<PHCKLDDNJNP::Update>(PHCKLDDNJNP)
  at (wrapper dynamic-method) MonoMod.Utils.DynamicMethodDefinition.DMD<DMD<(il2cpp -> managed) Update>?761854915::(il2cpp -> managed) Update>(intptr,UnhollowerBaseLib.Runtime.Il2CppMethodInfo*)
[Error  :    Detour] System.InvalidOperationException: Sequence contains no elements
  at System.Linq.Enumerable.First[TSource] (System.Collections.Generic.IEnumerable`1[T] source) [0x00010] in <6c177c2637d74263aa48e124b61159f3>:0 
  at SheriffMod.GameOptionMenuPatchUpdate.Postfix (PHCKLDDNJNP __instance) [0x0002f] in <caefeba342a44f608256d384b708505e>:0 
  at (wrapper dynamic-method) PHCKLDDNJNP.DMD<PHCKLDDNJNP::Update>(PHCKLDDNJNP)
  at (wrapper dynamic-method) MonoMod.Utils.DynamicMethodDefinition.DMD<DMD<(il2cpp -> managed) Update>?761854915::(il2cpp -> managed) Update>(intptr,UnhollowerBaseLib.Runtime.Il2CppMethodInfo*)
[Error  :    Detour] System.InvalidOperationException: Sequence contains no elements
  at System.Linq.Enumerable.First[TSource] (System.Collections.Generic.IEnumerable`1[T] source) [0x00010] in <6c177c2637d74263aa48e124b61159f3>:0 
  at SheriffMod.GameOptionMenuPatchUpdate.Postfix (PHCKLDDNJNP __instance) [0x0002f] in <caefeba342a44f608256d384b708505e>:0 
  at (wrapper dynamic-method) PHCKLDDNJNP.DMD<PHCKLDDNJNP::Update>(PHCKLDDNJNP)
  at (wrapper dynamic-method) MonoMod.Utils.DynamicMethodDefinition.DMD<DMD<(il2cpp -> managed) Update>?761854915::(il2cpp -> managed) Update>(intptr,UnhollowerBaseLib.Runtime.Il2CppMethodInfo*)
[Debug  :Unhollower] Original class was inflated, falling back to reflection
